0 info it worked if it ends with ok
1 verbose cli [
1 verbose cli   'C:\\Program Files\\nodejs\\node.exe',
1 verbose cli   'C:\\Users\\marcl\\AppData\\Roaming\\npm\\node_modules\\npm\\bin\\npm-cli.js',
1 verbose cli   'start'
1 verbose cli ]
2 info using npm@4.1.2
3 info using node@v12.3.0
4 verbose run-script [ 'prestart', 'start', 'poststart' ]
5 info lifecycle new-webpack-setup@1.0.0~prestart: new-webpack-setup@1.0.0
6 silly lifecycle new-webpack-setup@1.0.0~prestart: no script for prestart, continuing
7 info lifecycle new-webpack-setup@1.0.0~start: new-webpack-setup@1.0.0
8 verbose lifecycle new-webpack-setup@1.0.0~start: unsafe-perm in lifecycle true
9 verbose lifecycle new-webpack-setup@1.0.0~start: PATH: C:\Users\marcl\AppData\Roaming\npm\node_modules\npm\bin\node-gyp-bin;D:\Work\React\hackernews\node_modules\.bin;D:\ImageMagick-7.0.5-Q16;C:\WINDOWS\system32;C:\WINDOWS;C:\WINDOWS\System32\Wbem;C:\WINDOWS\System32\WindowsPowerShell\v1.0\;D:\Quicktime\QTSystem\;C:\Program Files (x86)\NVIDIA Corporation\PhysX\Common;C:\Program Files (x86)\Skype\Phone\;C:\WINDOWS\system32;C:\WINDOWS;C:\WINDOWS\System32\Wbem;C:\WINDOWS\System32\WindowsPowerShell\v1.0\;D:\Git\cmd;C:\WINDOWS\System32\OpenSSH\;C:\Program Files\NVIDIA Corporation\NVIDIA NvDLISR;C:\Program Files\nodejs\;D:\Ruby23-x64\bin;C:\Users\marcl\AppData\Local\Microsoft\WindowsApps;D:\Microsoft VS Code\bin;C:\Users\marcl\AppData\Roaming\npm
10 verbose lifecycle new-webpack-setup@1.0.0~start: CWD: D:\Work\React\hackernews
11 silly lifecycle new-webpack-setup@1.0.0~start: Args: [
11 silly lifecycle   '/d /s /c',
11 silly lifecycle   'webpack-dev-server --config ' +
11 silly lifecycle     './webpack.config.js --mode development ' +
11 silly lifecycle     '--hot --inline'
11 silly lifecycle ]
12 silly lifecycle new-webpack-setup@1.0.0~start: Returned: code: 3221225786  signal: null
13 info lifecycle new-webpack-setup@1.0.0~start: Failed to exec start script
14 verbose stack Error: new-webpack-setup@1.0.0 start: `webpack-dev-server --config ./webpack.config.js --mode development --hot --inline`
14 verbose stack Exit status 3221225786
14 verbose stack     at EventEmitter.<anonymous> (C:\Users\marcl\AppData\Roaming\npm\node_modules\npm\lib\utils\lifecycle.js:279:16)
14 verbose stack     at EventEmitter.emit (events.js:200:13)
14 verbose stack     at ChildProcess.<anonymous> (C:\Users\marcl\AppData\Roaming\npm\node_modules\npm\lib\utils\spawn.js:40:14)
14 verbose stack     at ChildProcess.emit (events.js:200:13)
14 verbose stack     at maybeClose (internal/child_process.js:1021:16)
14 verbose stack     at Process.ChildProcess._handle.onexit (internal/child_process.js:283:5)
15 verbose pkgid new-webpack-setup@1.0.0
16 verbose cwd D:\Work\React\hackernews
17 error Windows_NT 10.0.17134
18 error argv "C:\\Program Files\\nodejs\\node.exe" "C:\\Users\\marcl\\AppData\\Roaming\\npm\\node_modules\\npm\\bin\\npm-cli.js" "start"
19 error node v12.3.0
20 error npm  v4.1.2
21 error code ELIFECYCLE
22 error new-webpack-setup@1.0.0 start: `webpack-dev-server --config ./webpack.config.js --mode development --hot --inline`
22 error Exit status 3221225786
23 error Failed at the new-webpack-setup@1.0.0 start script 'webpack-dev-server --config ./webpack.config.js --mode development --hot --inline'.
23 error Make sure you have the latest version of node.js and npm installed.
23 error If you do, this is most likely a problem with the new-webpack-setup package,
23 error not with npm itself.
23 error Tell the author that this fails on your system:
23 error     webpack-dev-server --config ./webpack.config.js --mode development --hot --inline
23 error You can get information on how to open an issue for this project with:
23 error     npm bugs new-webpack-setup
23 error Or if that isn't available, you can get their info via:
23 error     npm owner ls new-webpack-setup
23 error There is likely additional logging output above.
24 verbose exit [ 1, true ]
